c:\users\szymo\onedrive\dokumenty\github\grafika-projekt\cw 9\debug\vc143.pdb
c:\users\szymo\onedrive\dokumenty\github\grafika-projekt\cw 9\debug\vc143.idb
c:\users\szymo\onedrive\dokumenty\github\grafika-projekt\cw 9\debug\texture.obj
c:\users\szymo\onedrive\dokumenty\github\grafika-projekt\cw 9\debug\shader_loader.obj
c:\users\szymo\onedrive\dokumenty\github\grafika-projekt\cw 9\debug\render_utils.obj
c:\users\szymo\onedrive\dokumenty\github\grafika-projekt\cw 9\debug\main.obj
c:\users\szymo\onedrive\dokumenty\github\grafika-projekt\cw 9\debug\camera.obj
c:\users\szymo\onedrive\dokumenty\github\grafika-projekt\cw 9\debug\box.obj
c:\users\szymo\onedrive\dokumenty\github\grafika-projekt\cw 9\debug\stb_image_aug.obj
c:\users\szymo\onedrive\dokumenty\github\grafika-projekt\cw 9\debug\soil.obj
c:\users\szymo\onedrive\dokumenty\github\grafika-projekt\cw 9\debug\image_helper.obj
c:\users\szymo\onedrive\dokumenty\github\grafika-projekt\cw 9\debug\image_dxt.obj
c:\users\szymo\onedrive\dokumenty\github\grafika-projekt\debug\grk-cw9.exe
c:\users\szymo\onedrive\dokumenty\github\grafika-projekt\debug\grk-cw9.pdb
c:\uczelnia\grafika-projekt-git\cw 9\debug\box.obj
c:\uczelnia\grafika-projekt-git\cw 9\debug\camera.obj
c:\uczelnia\grafika-projekt-git\cw 9\debug\image_dxt.obj
c:\uczelnia\grafika-projekt-git\cw 9\debug\image_helper.obj
c:\uczelnia\grafika-projekt-git\cw 9\debug\main.obj
c:\uczelnia\grafika-projekt-git\cw 9\debug\render_utils.obj
c:\uczelnia\grafika-projekt-git\cw 9\debug\shader_loader.obj
c:\uczelnia\grafika-projekt-git\cw 9\debug\soil.obj
c:\uczelnia\grafika-projekt-git\cw 9\debug\stb_image_aug.obj
c:\uczelnia\grafika-projekt-git\cw 9\debug\texture.obj
c:\uczelnia\grafika-projekt-git\cw 9\debug\vc142.idb
c:\uczelnia\grafika-projekt-git\cw 9\debug\vc143.idb
c:\uczelnia\grafika-projekt-git\cw 9\debug\vc142.pdb
c:\uczelnia\grafika-projekt-git\cw 9\debug\vc143.pdb
c:\uczelnia\grafika-projekt-git\debug\grk-cw9.pdb
c:\uczelnia\grafika-projekt-git\debug\grk-cw9.exe
c:\uczelnia\grafika-projekt-git\cw 9\debug\grk-cw9.tlog\cl.command.1.tlog
c:\uczelnia\grafika-projekt-git\cw 9\debug\grk-cw9.tlog\cl.read.1.tlog
c:\uczelnia\grafika-projekt-git\cw 9\debug\grk-cw9.tlog\cl.write.1.tlog
c:\uczelnia\grafika-projekt-git\cw 9\debug\grk-cw9.tlog\link.command.1.tlog
c:\uczelnia\grafika-projekt-git\cw 9\debug\grk-cw9.tlog\link.read.1.tlog
c:\uczelnia\grafika-projekt-git\cw 9\debug\grk-cw9.tlog\link.write.1.tlog
